<?xml version="1.0" encoding="UTF-8"?>
<!-- Generated by org.testng.reporters.JUnitReportReporter -->
<testsuite skipped="0" hostname="Ayses-MBP.home" name="Test.HomePageTest" tests="1" failures="0" timestamp="14 Apr 2020 05:59:17 GMT" time="4.075" errors="0">
  <testcase name="getTitle" time="4.075" classname="Test.HomePageTest"/>
</testsuite> <!-- Test.HomePageTest -->
