<?xml version="1.0" encoding="UTF-8"?>
<!-- Generated by org.testng.reporters.JUnitReportReporter -->
<testsuite skipped="0" hostname="Ayses-MBP.home" name="Test.SmartPhonePageTest" tests="1" failures="0" timestamp="07 Mar 2020 17:19:31 GMT" time="6.086" errors="0">
  <testcase name="getTitle" time="6.086" classname="Test.SmartPhonePageTest"/>
</testsuite> <!-- Test.SmartPhonePageTest -->
