<?xml version="1.0" encoding="UTF-8"?>
<!-- Generated by org.testng.reporters.JUnitReportReporter -->
<testsuite skipped="0" hostname="Ayses-MBP.home" name="Test.VerificationPageTest" tests="2" failures="0" timestamp="07 Mar 2020 08:35:18 GMT" time="76.747" errors="0">
  <testcase name="getText" time="21.097" classname="Test.VerificationPageTest"/>
  <testcase name="verifyPhoneBrand" time="55.650" classname="Test.VerificationPageTest"/>
</testsuite> <!-- Test.VerificationPageTest -->
